# JRE version: OpenJDK Runtime Environment Microsoft-8902769 (17.0.10+7) (build 17.0.10+7-LTS)
# Java VM: OpenJDK 64-Bit Server VM Microsoft-8902769 (17.0.10+7-LTS, mixed mode, sharing, tiered, compressed oops, compressed class ptrs, g1 gc, windows-amd64)
GC Precious Log:
 CPUs: 12 total, 12 available
 Memory: 16122M
 Large Page Support: Disabled
 NUMA Support: Disabled
 Compressed Oops: Enabled (32-bit)
 Heap Region Size: 1M
 Heap Min Capacity: 8M
 Heap Initial Capacity: 252M
 Heap Max Capacity: 2G
 Pre-touch: Disabled
 Parallel Workers: 10
 Concurrent Workers: 3
 Concurrent Refinement Workers: 10
 Periodic GC: Disabled
Heap:
 garbage-first heap   total 486400K, used 268328K [0x0000000080000000, 0x0000000100000000)
  region size 1024K, 103 young (105472K), 13 survivors (13312K)
 Metaspace       used 121177K, committed 122560K, reserved 557056K
  class space    used 16324K, committed 17024K, reserved 425984K
GC Heap History (20 events):
Event: 24.478 GC heap before
{Heap before GC invocations=43 (full 0):
 garbage-first heap   total 207872K, used 173551K [0x0000000080000000, 0x0000000100000000)
  region size 1024K, 38 young (38912K), 4 survivors (4096K)
 Metaspace       used 102826K, committed 103872K, reserved 557056K
  class space    used 14385K, committed 14912K, reserved 425984K
}
Event: 24.482 GC heap after
{Heap after GC invocations=44 (full 0):
 garbage-first heap   total 207872K, used 140707K [0x0000000080000000, 0x0000000100000000)
  region size 1024K, 2 young (2048K), 2 survivors (2048K)
 Metaspace       used 102826K, committed 103872K, reserved 557056K
  class space    used 14385K, committed 14912K, reserved 425984K
}
Event: 25.012 GC heap before
{Heap before GC invocations=44 (full 0):
 garbage-first heap   total 207872K, used 175523K [0x0000000080000000, 0x0000000100000000)
  region size 1024K, 36 young (36864K), 2 survivors (2048K)
 Metaspace       used 104467K, committed 105408K, reserved 557056K
  class space    used 14584K, committed 15040K, reserved 425984K
}
Event: 25.016 GC heap after
{Heap after GC invocations=45 (full 0):
 garbage-first heap   total 207872K, used 143625K [0x0000000080000000, 0x0000000100000000)
  region size 1024K, 5 young (5120K), 5 survivors (5120K)
 Metaspace       used 104467K, committed 105408K, reserved 557056K
  class space    used 14584K, committed 15040K, reserved 425984K
}
Event: 25.360 GC heap before
{Heap before GC invocations=45 (full 0):
 garbage-first heap   total 207872K, used 176393K [0x0000000080000000, 0x0000000100000000)
  region size 1024K, 37 young (37888K), 5 survivors (5120K)
 Metaspace       used 105522K, committed 106560K, reserved 557056K
  class space    used 14721K, committed 15232K, reserved 425984K
}
Event: 25.376 GC heap after
{Heap after GC invocations=46 (full 0):
 garbage-first heap   total 207872K, used 146962K [0x0000000080000000, 0x0000000100000000)
  region size 1024K, 4 young (4096K), 4 survivors (4096K)
 Metaspace       used 105522K, committed 106560K, reserved 557056K
  class space    used 14721K, committed 15232K, reserved 425984K
}
Event: 25.716 GC heap before
{Heap before GC invocations=46 (full 0):
 garbage-first heap   total 207872K, used 178706K [0x0000000080000000, 0x0000000100000000)
  region size 1024K, 32 young (32768K), 4 survivors (4096K)
 Metaspace       used 107403K, committed 108416K, reserved 557056K
  class space    used 14831K, committed 15360K, reserved 425984K
}
Event: 25.724 GC heap after
{Heap after GC invocations=47 (full 0):
 garbage-first heap   total 207872K, used 152554K [0x0000000080000000, 0x0000000100000000)
  region size 1024K, 4 young (4096K), 4 survivors (4096K)
 Metaspace       used 107403K, committed 108416K, reserved 557056K
  class space    used 14831K, committed 15360K, reserved 425984K
}
Event: 25.962 GC heap before
{Heap before GC invocations=48 (full 0):
 garbage-first heap   total 275456K, used 175082K [0x0000000080000000, 0x0000000100000000)
  region size 1024K, 27 young (27648K), 4 survivors (4096K)
 Metaspace       used 107670K, committed 108672K, reserved 557056K
  class space    used 14857K, committed 15360K, reserved 425984K
}
Event: 25.968 GC heap after
{Heap after GC invocations=49 (full 0):
 garbage-first heap   total 275456K, used 153467K [0x0000000080000000, 0x0000000100000000)
  region size 1024K, 2 young (2048K), 2 survivors (2048K)
 Metaspace       used 107670K, committed 108672K, reserved 557056K
  class space    used 14857K, committed 15360K, reserved 425984K
}
Event: 26.039 GC heap before
{Heap before GC invocations=49 (full 0):
 garbage-first heap   total 275456K, used 163707K [0x0000000080000000, 0x0000000100000000)
  region size 1024K, 13 young (13312K), 2 survivors (2048K)
 Metaspace       used 107883K, committed 108928K, reserved 557056K
  class space    used 14888K, committed 15360K, reserved 425984K
}
Event: 26.045 GC heap after
{Heap after GC invocations=50 (full 0):
 garbage-first heap   total 275456K, used 152610K [0x0000000080000000, 0x0000000100000000)
  region size 1024K, 2 young (2048K), 2 survivors (2048K)
 Metaspace       used 107883K, committed 108928K, reserved 557056K
  class space    used 14888K, committed 15360K, reserved 425984K
}
Event: 26.487 GC heap before
{Heap before GC invocations=50 (full 0):
 garbage-first heap   total 275456K, used 227362K [0x0000000080000000, 0x0000000100000000)
  region size 1024K, 75 young (76800K), 2 survivors (2048K)
 Metaspace       used 107892K, committed 108928K, reserved 557056K
  class space    used 14888K, committed 15360K, reserved 425984K
}
Event: 26.496 GC heap after
{Heap after GC invocations=51 (full 0):
 garbage-first heap   total 486400K, used 156876K [0x0000000080000000, 0x0000000100000000)
  region size 1024K, 6 young (6144K), 6 survivors (6144K)
 Metaspace       used 107892K, committed 108928K, reserved 557056K
  class space    used 14888K, committed 15360K, reserved 425984K
}
Event: 27.745 GC heap before
{Heap before GC invocations=51 (full 0):
 garbage-first heap   total 486400K, used 386252K [0x0000000080000000, 0x0000000100000000)
  region size 1024K, 231 young (236544K), 6 survivors (6144K)
 Metaspace       used 108338K, committed 109376K, reserved 557056K
  class space    used 14936K, committed 15424K, reserved 425984K
}
Event: 27.756 GC heap after
{Heap after GC invocations=52 (full 0):
 garbage-first heap   total 486400K, used 165761K [0x0000000080000000, 0x0000000100000000)
  region size 1024K, 15 young (15360K), 15 survivors (15360K)
 Metaspace       used 108338K, committed 109376K, reserved 557056K
  class space    used 14936K, committed 15424K, reserved 425984K
}
Event: 1874.114 GC heap before
{Heap before GC invocations=52 (full 0):
 garbage-first heap   total 486400K, used 388993K [0x0000000080000000, 0x0000000100000000)
  region size 1024K, 234 young (239616K), 15 survivors (15360K)
 Metaspace       used 115889K, committed 117120K, reserved 557056K
  class space    used 15690K, committed 16256K, reserved 425984K
}
Event: 1874.171 GC heap after
{Heap after GC invocations=53 (full 0):
 garbage-first heap   total 486400K, used 177391K [0x0000000080000000, 0x0000000100000000)
  region size 1024K, 26 young (26624K), 26 survivors (26624K)
 Metaspace       used 115889K, committed 117120K, reserved 557056K
  class space    used 15690K, committed 16256K, reserved 425984K
}
Event: 2662.186 GC heap before
{Heap before GC invocations=53 (full 0):
 garbage-first heap   total 486400K, used 395503K [0x0000000080000000, 0x0000000100000000)
  region size 1024K, 240 young (245760K), 26 survivors (26624K)
 Metaspace       used 118243K, committed 119616K, reserved 557056K
  class space    used 15932K, committed 16576K, reserved 425984K
}
Event: 2662.228 GC heap after
{Heap after GC invocations=54 (full 0):
 garbage-first heap   total 486400K, used 178216K [0x0000000080000000, 0x0000000100000000)
  region size 1024K, 13 young (13312K), 13 survivors (13312K)
 Metaspace       used 118243K, committed 119616K, reserved 557056K
  class space    used 15932K, committed 16576K, reserved 425984K
}

