# JRE version: OpenJDK Runtime Environment Microsoft-8902769 (17.0.10+7) (build 17.0.10+7-LTS)
# Java VM: OpenJDK 64-Bit Server VM Microsoft-8902769 (17.0.10+7-LTS, mixed mode, sharing, tiered, compressed oops, compressed class ptrs, g1 gc, windows-amd64)
GC Precious Log:
 CPUs: 12 total, 12 available
 Memory: 16122M
 Large Page Support: Disabled
 NUMA Support: Disabled
 Compressed Oops: Enabled (32-bit)
 Heap Region Size: 1M
 Heap Min Capacity: 8M
 Heap Initial Capacity: 252M
 Heap Max Capacity: 2G
 Pre-touch: Disabled
 Parallel Workers: 10
 Concurrent Workers: 3
 Concurrent Refinement Workers: 10
 Periodic GC: Disabled
Heap:
 garbage-first heap   total 258048K, used 162466K [0x0000000080000000, 0x0000000100000000)
  region size 1024K, 8 young (8192K), 8 survivors (8192K)
 Metaspace       used 105201K, committed 106240K, reserved 557056K
  class space    used 14583K, committed 15104K, reserved 425984K
GC Heap History (20 events):
Event: 13.278 GC heap after
{Heap after GC invocations=35 (full 0):
 garbage-first heap   total 206848K, used 108886K [0x0000000080000000, 0x0000000100000000)
  region size 1024K, 2 young (2048K), 2 survivors (2048K)
 Metaspace       used 87413K, committed 88320K, reserved 557056K
  class space    used 11998K, committed 12416K, reserved 425984K
}
Event: 13.701 GC heap before
{Heap before GC invocations=35 (full 0):
 garbage-first heap   total 206848K, used 169302K [0x0000000080000000, 0x0000000100000000)
  region size 1024K, 61 young (62464K), 2 survivors (2048K)
 Metaspace       used 90979K, committed 91904K, reserved 557056K
  class space    used 12522K, committed 12992K, reserved 425984K
}
Event: 13.705 GC heap after
{Heap after GC invocations=36 (full 0):
 garbage-first heap   total 206848K, used 110753K [0x0000000080000000, 0x0000000100000000)
  region size 1024K, 3 young (3072K), 3 survivors (3072K)
 Metaspace       used 90979K, committed 91904K, reserved 557056K
  class space    used 12522K, committed 12992K, reserved 425984K
}
Event: 14.056 GC heap before
{Heap before GC invocations=37 (full 0):
 garbage-first heap   total 209920K, used 171169K [0x0000000080000000, 0x0000000100000000)
  region size 1024K, 62 young (63488K), 3 survivors (3072K)
 Metaspace       used 92277K, committed 93184K, reserved 557056K
  class space    used 12675K, committed 13120K, reserved 425984K
}
Event: 14.061 GC heap after
{Heap after GC invocations=38 (full 0):
 garbage-first heap   total 209920K, used 114290K [0x0000000080000000, 0x0000000100000000)
  region size 1024K, 7 young (7168K), 7 survivors (7168K)
 Metaspace       used 92277K, committed 93184K, reserved 557056K
  class space    used 12675K, committed 13120K, reserved 425984K
}
Event: 14.094 GC heap before
{Heap before GC invocations=38 (full 0):
 garbage-first heap   total 209920K, used 116338K [0x0000000080000000, 0x0000000100000000)
  region size 1024K, 10 young (10240K), 7 survivors (7168K)
 Metaspace       used 92503K, committed 93440K, reserved 557056K
  class space    used 12704K, committed 13184K, reserved 425984K
}
Event: 14.101 GC heap after
{Heap after GC invocations=39 (full 0):
 garbage-first heap   total 251904K, used 113472K [0x0000000080000000, 0x0000000100000000)
  region size 1024K, 1 young (1024K), 1 survivors (1024K)
 Metaspace       used 92503K, committed 93440K, reserved 557056K
  class space    used 12704K, committed 13184K, reserved 425984K
}
Event: 14.868 GC heap before
{Heap before GC invocations=39 (full 0):
 garbage-first heap   total 251904K, used 206656K [0x0000000080000000, 0x0000000100000000)
  region size 1024K, 91 young (93184K), 1 survivors (1024K)
 Metaspace       used 98138K, committed 99008K, reserved 557056K
  class space    used 13657K, committed 14080K, reserved 425984K
}
Event: 14.871 GC heap after
{Heap after GC invocations=40 (full 0):
 garbage-first heap   total 251904K, used 115469K [0x0000000080000000, 0x0000000100000000)
  region size 1024K, 3 young (3072K), 3 survivors (3072K)
 Metaspace       used 98138K, committed 99008K, reserved 557056K
  class space    used 13657K, committed 14080K, reserved 425984K
}
Event: 15.511 GC heap before
{Heap before GC invocations=40 (full 0):
 garbage-first heap   total 251904K, used 207629K [0x0000000080000000, 0x0000000100000000)
  region size 1024K, 93 young (95232K), 3 survivors (3072K)
 Metaspace       used 101489K, committed 102464K, reserved 557056K
  class space    used 14099K, committed 14592K, reserved 425984K
}
Event: 15.519 GC heap after
{Heap after GC invocations=41 (full 0):
 garbage-first heap   total 251904K, used 123604K [0x0000000080000000, 0x0000000100000000)
  region size 1024K, 11 young (11264K), 11 survivors (11264K)
 Metaspace       used 101489K, committed 102464K, reserved 557056K
  class space    used 14099K, committed 14592K, reserved 425984K
}
Event: 15.643 GC heap before
{Heap before GC invocations=41 (full 0):
 garbage-first heap   total 251904K, used 206548K [0x0000000080000000, 0x0000000100000000)
  region size 1024K, 93 young (95232K), 11 survivors (11264K)
 Metaspace       used 101510K, committed 102464K, reserved 557056K
  class space    used 14099K, committed 14592K, reserved 425984K
}
Event: 15.658 GC heap after
{Heap after GC invocations=42 (full 0):
 garbage-first heap   total 251904K, used 127976K [0x0000000080000000, 0x0000000100000000)
  region size 1024K, 6 young (6144K), 6 survivors (6144K)
 Metaspace       used 101510K, committed 102464K, reserved 557056K
  class space    used 14099K, committed 14592K, reserved 425984K
}
Event: 16.348 GC heap before
{Heap before GC invocations=42 (full 0):
 garbage-first heap   total 251904K, used 211944K [0x0000000080000000, 0x0000000100000000)
  region size 1024K, 84 young (86016K), 6 survivors (6144K)
 Metaspace       used 103214K, committed 104256K, reserved 557056K
  class space    used 14377K, committed 14848K, reserved 425984K
}
Event: 16.356 GC heap after
{Heap after GC invocations=43 (full 0):
 garbage-first heap   total 251904K, used 143790K [0x0000000080000000, 0x0000000100000000)
  region size 1024K, 11 young (11264K), 11 survivors (11264K)
 Metaspace       used 103214K, committed 104256K, reserved 557056K
  class space    used 14377K, committed 14848K, reserved 425984K
}
Event: 16.680 GC heap before
{Heap before GC invocations=43 (full 0):
 garbage-first heap   total 251904K, used 203182K [0x0000000080000000, 0x0000000100000000)
  region size 1024K, 70 young (71680K), 11 survivors (11264K)
 Metaspace       used 103427K, committed 104448K, reserved 557056K
  class space    used 14393K, committed 14848K, reserved 425984K
}
Event: 16.690 GC heap after
{Heap after GC invocations=44 (full 0):
 garbage-first heap   total 251904K, used 149260K [0x0000000080000000, 0x0000000100000000)
  region size 1024K, 6 young (6144K), 6 survivors (6144K)
 Metaspace       used 103427K, committed 104448K, reserved 557056K
  class space    used 14393K, committed 14848K, reserved 425984K
}
Event: 16.901 GC heap before
{Heap before GC invocations=44 (full 0):
 garbage-first heap   total 251904K, used 206604K [0x0000000080000000, 0x0000000100000000)
  region size 1024K, 62 young (63488K), 6 survivors (6144K)
 Metaspace       used 103536K, committed 104576K, reserved 557056K
  class space    used 14402K, committed 14912K, reserved 425984K
}
Event: 16.908 GC heap after
{Heap after GC invocations=45 (full 0):
 garbage-first heap   total 251904K, used 154484K [0x0000000080000000, 0x0000000100000000)
  region size 1024K, 7 young (7168K), 7 survivors (7168K)
 Metaspace       used 103536K, committed 104576K, reserved 557056K
  class space    used 14402K, committed 14912K, reserved 425984K
}
Event: 17.626 GC heap before
{Heap before GC invocations=45 (full 0):
 garbage-first heap   total 251904K, used 205684K [0x0000000080000000, 0x0000000100000000)
  region size 1024K, 58 young (59392K), 7 survivors (7168K)
 Metaspace       used 105201K, committed 106240K, reserved 557056K
  class space    used 14583K, committed 15104K, reserved 425984K
}

